  Camera.cpp
C:\Users\רינת אביטל\Documents\עבודות סמינר\עבודות סמינר\irox\lesson3-main\Camera.cpp(30,78): warning C4244: 'argument': conversion from 'int' to 'float', possible loss of data
C:\Users\רינת אביטל\Documents\עבודות סמינר\עבודות סמינר\irox\lesson3-main\Camera.cpp(30,64): warning C4244: 'argument': conversion from 'int' to 'float', possible loss of data
C:\Users\רינת אביטל\Documents\עבודות סמינר\עבודות סמינר\irox\lesson3-main\Camera.cpp(30,50): warning C4244: 'argument': conversion from 'int' to 'float', possible loss of data
  Simulator.cpp
C:\Program Files\Microsoft Visual Studio\2022\Enterprise\VC\Tools\MSVC\14.31.31103\include\thread(55,14): error C2672: 'invoke': no matching overloaded function found
C:\Program Files\Microsoft Visual Studio\2022\Enterprise\VC\Tools\MSVC\14.31.31103\include\thread(61): message : see reference to function template instantiation 'unsigned int std::thread::_Invoke<_Tuple,0,1,2>(void *) noexcept' being compiled
          with
          [
              _Tuple=_Tuple
          ]
C:\Program Files\Microsoft Visual Studio\2022\Enterprise\VC\Tools\MSVC\14.31.31103\include\thread(66): message : see reference to function template instantiation 'unsigned int (__stdcall *std::thread::_Get_invoke<_Tuple,0,1,2>(std::integer_sequence<size_t,0,1,2>) noexcept)(void *)' being compiled
C:\Program Files\Microsoft Visual Studio\2022\Enterprise\VC\Tools\MSVC\14.31.31103\include\thread(89): message : see reference to function template instantiation 'void std::thread::_Start<_Ty,Camera*&,int&>(_Fn &&,Camera *&,int &)' being compiled
          with
          [
              _Ty=void (__thiscall Camera::* )(void),
              _Fn=void (__thiscall Camera::* )(void)
          ]
C:\Users\רינת אביטל\Documents\עבודות סמינר\עבודות סמינר\irox\lesson3-main\Simulator.cpp(19): message : see reference to function template instantiation 'std::thread::thread<void(__thiscall Camera::* )(void),Camera*&,int&,0>(_Fn &&,Camera *&,int &)' being compiled
          with
          [
              _Fn=void (__thiscall Camera::* )(void)
          ]
C:\Program Files\Microsoft Visual Studio\2022\Enterprise\VC\Tools\MSVC\14.31.31103\include\thread(51,5): error C2893: Failed to specialize function template 'unknown-type std::invoke(_Callable &&,_Ty1 &&,_Types2 &&...) noexcept(<expr>)'
C:\Program Files\Microsoft Visual Studio\2022\Enterprise\VC\Tools\MSVC\14.31.31103\include\type_traits(1484): message : see declaration of 'std::invoke'
C:\Program Files\Microsoft Visual Studio\2022\Enterprise\VC\Tools\MSVC\14.31.31103\include\thread(51,5): message : With the following template arguments:
C:\Program Files\Microsoft Visual Studio\2022\Enterprise\VC\Tools\MSVC\14.31.31103\include\thread(51,5): message : '_Callable=void (__thiscall Camera::* )(void)'
C:\Program Files\Microsoft Visual Studio\2022\Enterprise\VC\Tools\MSVC\14.31.31103\include\thread(51,5): message : '_Ty1=Camera *'
C:\Program Files\Microsoft Visual Studio\2022\Enterprise\VC\Tools\MSVC\14.31.31103\include\thread(51,5): message : '_Types2={int}'
C:\Program Files\Microsoft Visual Studio\2022\Enterprise\VC\Tools\MSVC\14.31.31103\include\thread(51,5): error C2780: 'unknown-type std::invoke(_Callable &&) noexcept(<expr>)': expects 1 arguments - 3 provided
C:\Program Files\Microsoft Visual Studio\2022\Enterprise\VC\Tools\MSVC\14.31.31103\include\type_traits(1478): message : see declaration of 'std::invoke'
  Sinulator.cpp
  StatusMesseage.cpp
  Generating Code...
